2022-03-28 15:12:29.623 [main] INFO  listener.TestListeners - <b>Test Method requestStarted<b>
2022-03-28 15:12:29.663 [main] INFO  listener.TestListeners - <b>Test Method requestSuccess<b>
2022-03-28 15:12:29.674 [main] INFO  listener.TestListeners - <b>Test Method verifyOnewaySearchingStarted<b>
2022-03-28 15:12:29.674 [main] INFO  runner.EngineApiTest - SUCCESS
2022-03-28 15:12:35.946 [main] INFO  onewayBooking.AirShopping - null
2022-03-28 15:12:35.946 [main] INFO  listener.TestListeners - <b>Test Method verifyOnewaySearchingSuccess<b>
2022-03-28 15:12:35.947 [main] INFO  listener.TestListeners - <b>Test Method onewayShoppingStarted<b>
2022-03-28 15:12:36.203 [main] INFO  onewayBooking.AirShopping - 1648460552057715202
2022-03-28 15:12:36.204 [main] INFO  listener.TestListeners - <b>Test Method onewayShoppingSuccess<b>
2022-03-28 15:12:36.205 [main] INFO  listener.TestListeners - <b>Test Method onewayOfferStarted<b>
2022-03-28 15:12:36.368 [main] INFO  onewayBooking.AirShopping - 1777142611648460552448528347
2022-03-28 15:12:36.369 [main] INFO  listener.TestListeners - <b>Test Method onewayOfferSuccess<b>
2022-03-28 15:12:36.370 [main] INFO  listener.TestListeners - <b>Test Method onewayOwnerStarted<b>
2022-03-28 15:12:36.585 [main] INFO  onewayBooking.AirShopping - WY
2022-03-28 15:12:36.586 [main] INFO  listener.TestListeners - <b>Test Method onewayOwnerSuccess<b>
2022-03-28 15:12:36.587 [main] INFO  listener.TestListeners - <b>Test Method onewayOwnerNameStarted<b>
2022-03-28 15:12:36.735 [main] INFO  onewayBooking.AirShopping - Oman Air
2022-03-28 15:12:36.735 [main] INFO  listener.TestListeners - <b>Test Method onewayOwnerNameSuccess<b>
2022-03-28 15:12:36.736 [main] INFO  listener.TestListeners - <b>Test Method onewayItineraryStarted<b>
2022-03-28 15:12:36.877 [main] INFO  onewayBooking.AirShopping - 23
2022-03-28 15:12:36.877 [main] INFO  listener.TestListeners - <b>Test Method onewayItinerarySuccess<b>
2022-03-28 15:12:36.878 [main] INFO  listener.TestListeners - <b>Test Method onewayIdentifierStarted<b>
2022-03-28 15:12:37.023 [main] INFO  onewayBooking.AirShopping - Travelport_Engine_Travelport
2022-03-28 15:12:37.023 [main] INFO  listener.TestListeners - <b>Test Method onewayIdentifierSuccess<b>
2022-03-28 15:12:37.024 [main] INFO  listener.TestListeners - <b>Test Method onewayPccStarted<b>
2022-03-28 15:12:37.168 [main] INFO  onewayBooking.AirShopping - 229G
2022-03-28 15:12:37.169 [main] INFO  listener.TestListeners - <b>Test Method onewayPccSuccess<b>
2022-03-28 15:12:37.170 [main] INFO  listener.TestListeners - <b>Test Method onewayProviderInfoStarted<b>
2022-03-28 15:12:37.304 [main] INFO  onewayBooking.AirShopping - Travelport
2022-03-28 15:12:37.304 [main] INFO  listener.TestListeners - <b>Test Method onewayProviderInfoSuccess<b>
2022-03-28 15:12:37.305 [main] INFO  listener.TestListeners - <b>Test Method onewayCabinTypeStarted<b>
2022-03-28 15:12:37.444 [main] INFO  onewayBooking.AirShopping - ECONOMY
2022-03-28 15:12:37.444 [main] INFO  listener.TestListeners - <b>Test Method onewayCabinTypeSuccess<b>
2022-03-28 15:12:37.445 [main] INFO  listener.TestListeners - <b>Test Method onewayBaseBookingCurrencyPriceStarted<b>
2022-03-28 15:12:37.584 [main] INFO  onewayBooking.AirShopping - 516.0
2022-03-28 15:12:37.585 [main] INFO  listener.TestListeners - <b>Test Method onewayBaseBookingCurrencyPriceSuccess<b>
2022-03-28 15:12:37.586 [main] INFO  listener.TestListeners - <b>Test Method onewayTaxBookingCurrencyPriceStarted<b>
2022-03-28 15:12:37.720 [main] INFO  onewayBooking.AirShopping - 168.0
2022-03-28 15:12:37.721 [main] INFO  listener.TestListeners - <b>Test Method onewayTaxBookingCurrencyPriceSuccess<b>
2022-03-28 15:12:37.721 [main] INFO  listener.TestListeners - <b>Test Method onewayFopRefStarted<b>
2022-03-28 15:12:37.874 [main] INFO  onewayBooking.AirShopping - FOP_577_577_1426_772_WY_PRI
2022-03-28 15:12:37.874 [main] INFO  listener.TestListeners - <b>Test Method onewayFopRefSuccess<b>
2022-03-28 15:12:37.875 [main] INFO  listener.TestListeners - <b>Test Method onewayBookingCurrencyCodeStarted<b>
2022-03-28 15:12:38.004 [main] INFO  onewayBooking.AirShopping - CAD
2022-03-28 15:12:38.005 [main] INFO  listener.TestListeners - <b>Test Method onewayBookingCurrencyCodeSuccess<b>
2022-03-28 15:12:38.005 [main] INFO  listener.TestListeners - <b>Test Method pricingVerifyStarted<b>
2022-03-28 15:12:38.006 [main] INFO  runner.EngineApiTest - SUCCESS
2022-03-28 15:12:38.101 [main] INFO  onewayBooking.AirShopping - 1648460552057715202
2022-03-28 15:12:38.101 [main] INFO  onewayBooking.AirShopping - 1777142611648460552448528347
2022-03-28 15:12:40.489 [main] INFO  onewayBooking.AirShopping - null
2022-03-28 15:12:40.490 [main] INFO  listener.TestListeners - <b>Test Method pricingVerifySuccess<b>
2022-03-28 15:12:40.491 [main] INFO  listener.TestListeners - <b>Test Method pricingShoppingResponseIdStarted<b>
2022-03-28 15:12:40.524 [main] INFO  onewayBooking.AirShopping - 1648460552057715202
2022-03-28 15:12:40.524 [main] INFO  listener.TestListeners - <b>Test Method pricingShoppingResponseIdSuccess<b>
2022-03-28 15:12:40.525 [main] INFO  listener.TestListeners - <b>Test Method offerResponseIdStarted<b>
2022-03-28 15:12:40.557 [main] INFO  onewayBooking.AirShopping - 1648460559321503884
2022-03-28 15:12:40.557 [main] INFO  listener.TestListeners - <b>Test Method offerResponseIdSuccess<b>
2022-03-28 15:12:40.559 [main] INFO  listener.TestListeners - <b>Test Method pricingOfferIdStarted<b>
2022-03-28 15:12:40.594 [main] INFO  onewayBooking.AirShopping - 1777142611648460552448528347
2022-03-28 15:12:40.594 [main] INFO  listener.TestListeners - <b>Test Method pricingOfferIdSuccess<b>
2022-03-28 15:12:40.596 [main] INFO  listener.TestListeners - <b>Test Method bookingCurrencyPriceStarted<b>
2022-03-28 15:12:40.612 [main] INFO  onewayBooking.AirShopping - 684.0
2022-03-28 15:12:40.612 [main] INFO  listener.TestListeners - <b>Test Method bookingCurrencyPriceSuccess<b>
2022-03-28 15:12:40.613 [main] INFO  listener.TestListeners - <b>Test Method bookingVerifyStarted<b>
2022-03-28 15:12:40.614 [main] INFO  runner.EngineApiTest - SUCCESS
2022-03-28 15:12:40.618 [main] INFO  onewayBooking.AirShopping - 1648460552057715202
2022-03-28 15:12:40.618 [main] INFO  onewayBooking.AirShopping - 1648460559321503884
2022-03-28 15:12:40.618 [main] INFO  onewayBooking.AirShopping - 1777142611648460552448528347
2022-03-28 15:12:40.618 [main] INFO  onewayBooking.AirShopping - 684.0
2022-03-28 15:12:54.505 [main] INFO  onewayBooking.AirShopping - null
2022-03-28 15:12:54.505 [main] INFO  listener.TestListeners - <b>Test Method bookingVerifySuccess<b>
2022-03-28 15:12:54.506 [main] INFO  listener.TestListeners - <b>Test Method responseOrderIdStarted<b>
2022-03-28 15:12:54.539 [main] INFO  onewayBooking.AirShopping - T2P2Z4B1
2022-03-28 15:12:54.540 [main] INFO  listener.TestListeners - <b>Test Method responseOrderIdSuccess<b>
2022-03-28 15:12:54.541 [main] INFO  listener.TestListeners - <b>Test Method gdsBookingReferenceStarted<b>
2022-03-28 15:12:54.563 [main] INFO  onewayBooking.AirShopping - QDTM1L
2022-03-28 15:12:54.563 [main] INFO  listener.TestListeners - <b>Test Method gdsBookingReferenceSuccess<b>
2022-03-28 15:12:54.565 [main] INFO  listener.TestListeners - <b>Test Method orderStatusStarted<b>
2022-03-28 15:12:54.588 [main] INFO  onewayBooking.AirShopping - SUCCESS
2022-03-28 15:12:54.589 [main] INFO  listener.TestListeners - <b>Test Method orderStatusSuccess<b>
2022-03-28 15:12:54.590 [main] INFO  listener.TestListeners - <b>Test Method fareTypeStarted<b>
2022-03-28 15:12:54.611 [main] INFO  onewayBooking.AirShopping - PRI
2022-03-28 15:12:54.612 [main] INFO  listener.TestListeners - <b>Test Method fareTypeSuccess<b>
2022-03-28 15:12:54.613 [main] INFO  listener.TestListeners - <b>Test Method orgFareTypeStarted<b>
2022-03-28 15:12:54.628 [main] INFO  onewayBooking.AirShopping - PUB
2022-03-28 15:12:54.629 [main] INFO  listener.TestListeners - <b>Test Method orgFareTypeSuccess<b>
2022-03-28 15:12:54.630 [main] INFO  listener.TestListeners - <b>Test Method supplierIdStarted<b>
2022-03-28 15:12:54.645 [main] INFO  onewayBooking.AirShopping - 577
2022-03-28 15:12:54.645 [main] INFO  listener.TestListeners - <b>Test Method supplierIdSuccess<b>
2022-03-28 15:12:54.646 [main] INFO  listener.TestListeners - <b>Test Method flightDepartureStarted<b>
2022-03-28 15:12:54.664 [main] INFO  onewayBooking.AirShopping - 2022-09-24T15:30:00
2022-03-28 15:12:54.664 [main] INFO  listener.TestListeners - <b>Test Method flightDepartureSuccess<b>
2022-03-28 15:12:54.880 [main] INFO  listener.TestListeners - <b>Test Method returnSearchRequestStarted<b>
2022-03-28 15:12:54.882 [main] INFO  listener.TestListeners - <b>Test Method returnSearchRequestSuccess<b>
2022-03-28 15:12:54.883 [main] INFO  listener.TestListeners - <b>Test Method returnSearchStarted<b>
2022-03-28 15:12:54.883 [main] INFO  runner.EngineApiTest - SUCCESS
2022-03-28 15:13:00.708 [main] INFO  onewayBooking.AirShopping - null
2022-03-28 15:13:00.708 [main] INFO  listener.TestListeners - <b>Test Method returnSearchSuccess<b>
2022-03-28 15:13:00.709 [main] INFO  listener.TestListeners - <b>Test Method returnShoppingStarted<b>
2022-03-28 15:13:00.926 [main] INFO  onewayBooking.AirShopping - 1648460576036528568
2022-03-28 15:13:00.926 [main] INFO  listener.TestListeners - <b>Test Method returnShoppingSuccess<b>
2022-03-28 15:13:00.927 [main] INFO  listener.TestListeners - <b>Test Method returnPricingStarted<b>
2022-03-28 15:13:00.927 [main] INFO  runner.EngineApiTest - SUCCESS
2022-03-28 15:13:01.031 [main] INFO  onewayBooking.AirShopping - 1648460576036528568
2022-03-28 15:13:01.031 [main] INFO  onewayBooking.AirShopping - 1777142711648460577251127807
2022-03-28 15:13:11.740 [main] INFO  onewayBooking.AirShopping - null
2022-03-28 15:13:11.740 [main] INFO  listener.TestListeners - <b>Test Method returnPricingSuccess<b>
2022-03-28 15:13:11.741 [main] INFO  listener.TestListeners - <b>Test Method returnPricingShoppingResponseIdStarted<b>
2022-03-28 15:13:11.800 [main] INFO  onewayBooking.AirShopping - 1648460576036528568
2022-03-28 15:13:11.800 [main] INFO  listener.TestListeners - <b>Test Method returnPricingShoppingResponseIdSuccess<b>
2022-03-28 15:13:11.801 [main] INFO  listener.TestListeners - <b>Test Method returnBookingStarted<b>
2022-03-28 15:13:11.801 [main] INFO  runner.EngineApiTest - SUCCESS
2022-03-28 15:13:11.823 [main] INFO  onewayBooking.AirShopping - 1648460576036528568
2022-03-28 15:13:11.823 [main] INFO  onewayBooking.AirShopping - 1648460582357156285
2022-03-28 15:13:11.823 [main] INFO  onewayBooking.AirShopping - 1777142711648460577251127807
2022-03-28 15:13:11.823 [main] INFO  onewayBooking.AirShopping - 1223.64
2022-03-28 15:13:53.884 [main] INFO  onewayBooking.AirShopping - null
2022-03-28 15:13:53.885 [main] INFO  listener.TestListeners - <b>Test Method returnBookingSuccess<b>
2022-03-28 15:13:53.886 [main] INFO  listener.TestListeners - <b>Test Method returnBookingResponseOrderIdStarted<b>
2022-03-28 15:13:53.916 [main] INFO  onewayBooking.AirShopping - PSZ1V447
2022-03-28 15:13:53.917 [main] INFO  listener.TestListeners - <b>Test Method returnBookingResponseOrderIdSuccess<b>
2022-03-28 15:13:53.971 [main] INFO  listener.TestListeners - <b>Test Method multiCityRequestStarted<b>
2022-03-28 15:13:53.972 [main] INFO  listener.TestListeners - <b>Test Method multiCityRequestSuccess<b>
2022-03-28 15:13:53.975 [main] INFO  listener.TestListeners - <b>Test Method multiCitySearchStarted<b>
2022-03-28 15:13:53.976 [main] INFO  runner.EngineApiTest - SUCCESS
2022-03-28 15:14:45.478 [main] INFO  onewayBooking.AirShopping - null
2022-03-28 15:14:45.478 [main] INFO  listener.TestListeners - <b>Test Method multiCitySearchSuccess<b>
2022-03-28 15:14:45.479 [main] INFO  listener.TestListeners - <b>Test Method multiCityShoppingStarted<b>
2022-03-28 15:14:47.334 [main] INFO  onewayBooking.AirShopping - 1648460635137244316
2022-03-28 15:14:47.335 [main] INFO  listener.TestListeners - <b>Test Method multiCityShoppingSuccess<b>
2022-03-28 15:14:47.335 [main] INFO  listener.TestListeners - <b>Test Method multiCityPricingStarted<b>
2022-03-28 15:14:47.336 [main] INFO  runner.EngineApiTest - SUCCESS
2022-03-28 15:14:47.758 [main] INFO  onewayBooking.AirShopping - 1648460635137244316
2022-03-28 15:14:47.758 [main] INFO  onewayBooking.AirShopping - 1777142411648460644637362282
2022-03-28 15:14:50.429 [main] INFO  onewayBooking.AirShopping - null
2022-03-28 15:14:50.429 [main] INFO  listener.TestListeners - <b>Test Method multiCityPricingSuccess<b>
2022-03-28 15:14:50.430 [main] INFO  listener.TestListeners - <b>Test Method multiCityPricingShoppingResponseIdStarted<b>
2022-03-28 15:14:50.441 [main] INFO  onewayBooking.AirShopping - 1648460635137244316
2022-03-28 15:14:50.441 [main] INFO  listener.TestListeners - <b>Test Method multiCityPricingShoppingResponseIdSuccess<b>
2022-03-28 15:14:50.442 [main] INFO  listener.TestListeners - <b>Test Method multiCityBookingStarted<b>
2022-03-28 15:14:50.442 [main] INFO  runner.EngineApiTest - SUCCESS
2022-03-28 15:14:50.444 [main] INFO  onewayBooking.AirShopping - 1648460635137244316
2022-03-28 15:14:50.444 [main] INFO  onewayBooking.AirShopping - 1648460689167469145
2022-03-28 15:14:50.444 [main] INFO  onewayBooking.AirShopping - 1777142411648460644637362282
2022-03-28 15:14:50.444 [main] INFO  onewayBooking.AirShopping - 920.5
2022-03-28 15:14:57.883 [main] INFO  onewayBooking.AirShopping - null
2022-03-28 15:14:57.883 [main] INFO  listener.TestListeners - <b>Test Method multiCityBookingSuccess<b>
2022-03-28 15:14:57.884 [main] INFO  listener.TestListeners - <b>Test Method multiCityBookingResponseOrderIdStarted<b>
2022-03-28 15:14:57.906 [main] INFO  onewayBooking.AirShopping - 2PIC23JP
2022-03-28 15:14:57.906 [main] INFO  listener.TestListeners - <b>Test Method multiCityBookingResponseOrderIdSuccess<b>
2022-03-28 15:14:57.937 [main] INFO  listener.TestListeners - <b>Test Method openJawRequestStarted<b>
2022-03-28 15:14:57.939 [main] INFO  listener.TestListeners - <b>Test Method openJawRequestSuccess<b>
2022-03-28 15:14:57.939 [main] INFO  listener.TestListeners - <b>Test Method openJawSearchStarted<b>
2022-03-28 15:14:57.939 [main] INFO  runner.EngineApiTest - SUCCESS
2022-03-28 15:15:18.742 [main] INFO  onewayBooking.AirShopping - null
2022-03-28 15:15:18.742 [main] INFO  listener.TestListeners - <b>Test Method openJawSearchSuccess<b>
2022-03-28 15:15:18.743 [main] INFO  listener.TestListeners - <b>Test Method openJawShoppingStarted<b>
2022-03-28 15:15:19.054 [main] INFO  onewayBooking.AirShopping - 1648460699098699149
2022-03-28 15:15:19.055 [main] INFO  listener.TestListeners - <b>Test Method openJawShoppingSuccess<b>
2022-03-28 15:15:19.055 [main] INFO  listener.TestListeners - <b>Test Method openJawPricingStarted<b>
2022-03-28 15:15:19.056 [main] INFO  runner.EngineApiTest - SUCCESS
2022-03-28 15:15:19.121 [main] INFO  onewayBooking.AirShopping - 1648460699098699149
2022-03-28 15:15:19.121 [main] INFO  onewayBooking.AirShopping - 1777142311648460704171493831
2022-03-28 15:15:21.424 [main] INFO  onewayBooking.AirShopping - null
2022-03-28 15:15:21.425 [main] INFO  listener.TestListeners - <b>Test Method openJawPricingSuccess<b>
2022-03-28 15:15:21.425 [main] INFO  listener.TestListeners - <b>Test Method openJawPricingShoppingResponseIdStarted<b>
2022-03-28 15:15:21.436 [main] INFO  onewayBooking.AirShopping - 1648460699098699149
2022-03-28 15:15:21.436 [main] INFO  listener.TestListeners - <b>Test Method openJawPricingShoppingResponseIdSuccess<b>
2022-03-28 15:15:21.436 [main] INFO  listener.TestListeners - <b>Test Method openJawBookingStarted<b>
2022-03-28 15:15:21.437 [main] INFO  runner.EngineApiTest - SUCCESS
2022-03-28 15:15:21.438 [main] INFO  onewayBooking.AirShopping - 1648460699098699149
2022-03-28 15:15:21.438 [main] INFO  onewayBooking.AirShopping - 1648460720422696311
2022-03-28 15:15:21.438 [main] INFO  onewayBooking.AirShopping - 1777142311648460704171493831
2022-03-28 15:15:21.438 [main] INFO  onewayBooking.AirShopping - 907.9
2022-03-28 15:15:28.902 [main] INFO  onewayBooking.AirShopping - null
2022-03-28 15:15:28.902 [main] INFO  listener.TestListeners - <b>Test Method openJawBookingSuccess<b>
2022-03-28 15:15:28.902 [main] INFO  listener.TestListeners - <b>Test Method openJawBookingResponseOrderIdStarted<b>
2022-03-28 15:15:28.921 [main] INFO  onewayBooking.AirShopping - DYA04PGS
2022-03-28 15:15:28.921 [main] INFO  listener.TestListeners - <b>Test Method openJawBookingResponseOrderIdSuccess<b>
2022-03-28 15:15:28.967 [main] INFO  listener.TestListeners - <b>Test Method cardRequestStarted<b>
2022-03-28 15:15:28.968 [main] INFO  listener.TestListeners - <b>Test Method cardRequestSuccess<b>
2022-03-28 15:15:28.969 [main] INFO  listener.TestListeners - <b>Test Method onewayCardSearchingStarted<b>
2022-03-28 15:15:28.969 [main] INFO  runner.EngineApiTest - SUCCESS
2022-03-28 15:15:37.529 [main] INFO  onewayBooking.AirShopping - null
2022-03-28 15:15:37.529 [main] INFO  listener.TestListeners - <b>Test Method onewayCardSearchingSuccess<b>
2022-03-28 15:15:37.530 [main] INFO  listener.TestListeners - <b>Test Method onewayCardShoppingStarted<b>
2022-03-28 15:15:37.648 [main] INFO  onewayBooking.AirShopping - 1648460730328508671
2022-03-28 15:15:37.648 [main] INFO  listener.TestListeners - <b>Test Method onewayCardShoppingSuccess<b>
2022-03-28 15:15:37.649 [main] INFO  listener.TestListeners - <b>Test Method onewayCardPricingVerifyStarted<b>
2022-03-28 15:15:37.649 [main] INFO  runner.EngineApiTest - SUCCESS
2022-03-28 15:15:37.672 [main] INFO  onewayBooking.AirShopping - 1648460730328508671
2022-03-28 15:15:37.672 [main] INFO  onewayBooking.AirShopping - 1777142611648460730864142735
2022-03-28 15:15:39.847 [main] INFO  onewayBooking.AirShopping - null
2022-03-28 15:15:39.847 [main] INFO  listener.TestListeners - <b>Test Method onewayCardPricingVerifySuccess<b>
2022-03-28 15:15:39.848 [main] INFO  listener.TestListeners - <b>Test Method onewayCardBookingVerifyStarted<b>
2022-03-28 15:15:39.848 [main] INFO  runner.EngineApiTest - SUCCESS
2022-03-28 15:15:39.850 [main] INFO  onewayBooking.AirShopping - 1648460730328508671
2022-03-28 15:15:39.850 [main] INFO  onewayBooking.AirShopping - 1648460738798137002
2022-03-28 15:15:39.850 [main] INFO  onewayBooking.AirShopping - 1777142611648460730864142735
2022-03-28 15:15:39.850 [main] INFO  onewayBooking.AirShopping - 684.0
2022-03-28 15:16:00.553 [main] INFO  onewayBooking.AirShopping - null
2022-03-28 15:16:00.553 [main] INFO  listener.TestListeners - <b>Test Method onewayCardBookingVerifySuccess<b>
2022-03-28 15:16:00.554 [main] INFO  listener.TestListeners - <b>Test Method onFlyMarkupVerifyStarted<b>
2022-03-28 15:16:00.573 [main] INFO  onewayBooking.AirShopping - 3
2022-03-28 15:16:00.597 [main] INFO  onewayBooking.AirShopping - 1.66
2022-03-28 15:16:00.623 [main] INFO  onewayBooking.AirShopping - 1.67
2022-03-28 15:16:00.645 [main] INFO  onewayBooking.AirShopping - 1.67
2022-03-28 15:16:00.659 [main] INFO  onewayBooking.AirShopping - null
2022-03-28 15:16:00.660 [main] INFO  listener.TestListeners - <b>Test Method onFlyMarkupVerifySuccess<b>
